[2020-07-22 09:05:34] local.ERROR: Call to undefined function Illuminate\Encryption\openssl_cipher_iv_length() {"exception":"[object] (Error(code: 0): Call to undefined function Illuminate\\Encryption\\openssl_cipher_iv_length() at E:\\GIT\\LARAVEL-DESKTOP\\ELECTRON-4-PHP\\www\\vendor\\laravel\\framework\\src\\Illuminate\\Encryption\\Encrypter.php:214)
[stacktrace]
#0 E:\\GIT\\LARAVEL-DESKTOP\\ELECTRON-4-PHP\\www\\vendor\\laravel\\framework\\src\\Illuminate\\Encryption\\Encrypter.php(194): Illuminate\\Encryption\\Encrypter->validPayload(Array)
#1 E:\\GIT\\LARAVEL-DESKTOP\\ELECTRON-4-PHP\\www\\vendor\\laravel\\framework\\src\\Illuminate\\Encryption\\Encrypter.php(136): Illuminate\\Encryption\\Encrypter->getJsonPayload(Array)
#2 E:\\GIT\\LARAVEL-DESKTOP\\ELECTRON-4-PHP\\www\\vendor\\laravel\\framework\\src\\Illuminate\\Cookie\\Middleware\\EncryptCookies.php(103): Illuminate\\Encryption\\Encrypter->decrypt('eyJpdiI6ImlDbDc...', false)
#3 E:\\GIT\\LARAVEL-DESKTOP\\ELECTRON-4-PHP\\www\\vendor\\laravel\\framework\\src\\Illuminate\\Cookie\\Middleware\\EncryptCookies.php(83): Illuminate\\Cookie\\Middleware\\EncryptCookies->decryptCookie('XSRF-TOKEN', 'eyJpdiI6ImlDbDc...')
#4 E:\\GIT\\LARAVEL-DESKTOP\\ELECTRON-4-PHP\\www\\vendor\\laravel\\framework\\src\\Illuminate\\Cookie\\Middleware\\EncryptCookies.php(66): Illuminate\\Cookie\\Middleware\\EncryptCookies->decrypt(Object(Illuminate\\Http\\Request))
#5 E:\\GIT\\LARAVEL-DESKTOP\\ELECTRON-4-PHP\\www\\vendor\\laravel\\framework\\src\\Illuminate\\Pipeline\\Pipeline.php(167): Illuminate\\Cookie\\Middleware\\EncryptCookies->handle(Object(Illuminate\\Http\\Request), Object(Closure))
#6 E:\\GIT\\LARAVEL-DESKTOP\\ELECTRON-4-PHP\\www\\vendor\\laravel\\framework\\src\\Illuminate\\Pipeline\\Pipeline.php(103): Illuminate\\Pipeline\\Pipeline->Illuminate\\Pipeline\\{closure}(Object(Illuminate\\Http\\Request))
#7 E:\\GIT\\LARAVEL-DESKTOP\\ELECTRON-4-PHP\\www\\vendor\\laravel\\framework\\src\\Illuminate\\Routing\\Router.php(687): Illuminate\\Pipeline\\Pipeline->then(Object(Closure))
#8 E:\\GIT\\LARAVEL-DESKTOP\\ELECTRON-4-PHP\\www\\vendor\\laravel\\framework\\src\\Illuminate\\Routing\\Router.php(662): Illuminate\\Routing\\Router->runRouteWithinStack(Object(Illuminate\\Routing\\Route), Object(Illuminate\\Http\\Request))
#9 E:\\GIT\\LARAVEL-DESKTOP\\ELECTRON-4-PHP\\www\\vendor\\laravel\\framework\\src\\Illuminate\\Routing\\Router.php(628): Illuminate\\Routing\\Router->runRoute(Object(Illuminate\\Http\\Request), Object(Illuminate\\Routing\\Route))
#10 E:\\GIT\\LARAVEL-DESKTOP\\ELECTRON-4-PHP\\www\\vendor\\laravel\\framework\\src\\Illuminate\\Routing\\Router.php(617): Illuminate\\Routing\\Router->dispatchToRoute(Object(Illuminate\\Http\\Request))
#11 E:\\GIT\\LARAVEL-DESKTOP\\ELECTRON-4-PHP\\www\\vendor\\laravel\\framework\\src\\Illuminate\\Foundation\\Http\\Kernel.php(165): Illuminate\\Routing\\Router->dispatch(Object(Illuminate\\Http\\Request))
#12 E:\\GIT\\LARAVEL-DESKTOP\\ELECTRON-4-PHP\\www\\vendor\\laravel\\framework\\src\\Illuminate\\Pipeline\\Pipeline.php(128): Illuminate\\Foundation\\Http\\Kernel->Illuminate\\Foundation\\Http\\{closure}(Object(Illuminate\\Http\\Request))
#13 E:\\GIT\\LARAVEL-DESKTOP\\ELECTRON-4-PHP\\www\\vendor\\laravel\\framework\\src\\Illuminate\\Foundation\\Http\\Middleware\\TransformsRequest.php(21): Illuminate\\Pipeline\\Pipeline->Illuminate\\Pipeline\\{closure}(Object(Illuminate\\Http\\Request))
#14 E:\\GIT\\LARAVEL-DESKTOP\\ELECTRON-4-PHP\\www\\vendor\\laravel\\framework\\src\\Illuminate\\Pipeline\\Pipeline.php(167): Illuminate\\Foundation\\Http\\Middleware\\TransformsRequest->handle(Object(Illuminate\\Http\\Request), Object(Closure))
#15 E:\\GIT\\LARAVEL-DESKTOP\\ELECTRON-4-PHP\\www\\vendor\\laravel\\framework\\src\\Illuminate\\Foundation\\Http\\Middleware\\TransformsRequest.php(21): Illuminate\\Pipeline\\Pipeline->Illuminate\\Pipeline\\{closure}(Object(Illuminate\\Http\\Request))
#16 E:\\GIT\\LARAVEL-DESKTOP\\ELECTRON-4-PHP\\www\\vendor\\laravel\\framework\\src\\Illuminate\\Pipeline\\Pipeline.php(167): Illuminate\\Foundation\\Http\\Middleware\\TransformsRequest->handle(Object(Illuminate\\Http\\Request), Object(Closure))
#17 E:\\GIT\\LARAVEL-DESKTOP\\ELECTRON-4-PHP\\www\\vendor\\laravel\\framework\\src\\Illuminate\\Foundation\\Http\\Middleware\\ValidatePostSize.php(27): Illuminate\\Pipeline\\Pipeline->Illuminate\\Pipeline\\{closure}(Object(Illuminate\\Http\\Request))
#18 E:\\GIT\\LARAVEL-DESKTOP\\ELECTRON-4-PHP\\www\\vendor\\laravel\\framework\\src\\Illuminate\\Pipeline\\Pipeline.php(167): Illuminate\\Foundation\\Http\\Middleware\\ValidatePostSize->handle(Object(Illuminate\\Http\\Request), Object(Closure))
#19 E:\\GIT\\LARAVEL-DESKTOP\\ELECTRON-4-PHP\\www\\vendor\\laravel\\framework\\src\\Illuminate\\Foundation\\Http\\Middleware\\CheckForMaintenanceMode.php(63): Illuminate\\Pipeline\\Pipeline->Illuminate\\Pipeline\\{closure}(Object(Illuminate\\Http\\Request))
#20 E:\\GIT\\LARAVEL-DESKTOP\\ELECTRON-4-PHP\\www\\vendor\\laravel\\framework\\src\\Illuminate\\Pipeline\\Pipeline.php(167): Illuminate\\Foundation\\Http\\Middleware\\CheckForMaintenanceMode->handle(Object(Illuminate\\Http\\Request), Object(Closure))
#21 E:\\GIT\\LARAVEL-DESKTOP\\ELECTRON-4-PHP\\www\\vendor\\fruitcake\\laravel-cors\\src\\HandleCors.php(37): Illuminate\\Pipeline\\Pipeline->Illuminate\\Pipeline\\{closure}(Object(Illuminate\\Http\\Request))
#22 E:\\GIT\\LARAVEL-DESKTOP\\ELECTRON-4-PHP\\www\\vendor\\laravel\\framework\\src\\Illuminate\\Pipeline\\Pipeline.php(167): Fruitcake\\Cors\\HandleCors->handle(Object(Illuminate\\Http\\Request), Object(Closure))
#23 E:\\GIT\\LARAVEL-DESKTOP\\ELECTRON-4-PHP\\www\\vendor\\fideloper\\proxy\\src\\TrustProxies.php(57): Illuminate\\Pipeline\\Pipeline->Illuminate\\Pipeline\\{closure}(Object(Illuminate\\Http\\Request))
#24 E:\\GIT\\LARAVEL-DESKTOP\\ELECTRON-4-PHP\\www\\vendor\\laravel\\framework\\src\\Illuminate\\Pipeline\\Pipeline.php(167): Fideloper\\Proxy\\TrustProxies->handle(Object(Illuminate\\Http\\Request), Object(Closure))
#25 E:\\GIT\\LARAVEL-DESKTOP\\ELECTRON-4-PHP\\www\\vendor\\laravel\\framework\\src\\Illuminate\\Pipeline\\Pipeline.php(103): Illuminate\\Pipeline\\Pipeline->Illuminate\\Pipeline\\{closure}(Object(Illuminate\\Http\\Request))
#26 E:\\GIT\\LARAVEL-DESKTOP\\ELECTRON-4-PHP\\www\\vendor\\laravel\\framework\\src\\Illuminate\\Foundation\\Http\\Kernel.php(140): Illuminate\\Pipeline\\Pipeline->then(Object(Closure))
#27 E:\\GIT\\LARAVEL-DESKTOP\\ELECTRON-4-PHP\\www\\vendor\\laravel\\framework\\src\\Illuminate\\Foundation\\Http\\Kernel.php(109): Illuminate\\Foundation\\Http\\Kernel->sendRequestThroughRouter(Object(Illuminate\\Http\\Request))
#28 E:\\GIT\\LARAVEL-DESKTOP\\ELECTRON-4-PHP\\www\\public\\index.php(55): Illuminate\\Foundation\\Http\\Kernel->handle(Object(Illuminate\\Http\\Request))
#29 E:\\GIT\\LARAVEL-DESKTOP\\ELECTRON-4-PHP\\www\\server.php(21): require_once('E:\\\\GIT\\\\LARAVEL-...')
#30 {main}
"} 
